<?xml version="1.0" encoding="UTF-8"?>
<testsuites>
  <testsuite name="unit-tests" tests="58" assertions="81" errors="0" failures="0" skipped="0" time="0.244244">
    <testsuite name="BypassFinalsTests\BypassFinalsCatcherSyntaxErrorTest" file="D:\data-root\Projects\PHP\OpenSource\idimsh--better-bypass-finals\tests\BypassFinalsTests\BypassFinalsCatcherSyntaxErrorTest.php" tests="1" assertions="1" errors="0" failures="0" skipped="0" time="0.010383">
      <testcase name="testFinalClassWithSyntaxError" class="BypassFinalsTests\BypassFinalsCatcherSyntaxErrorTest" classname="BypassFinalsTests.BypassFinalsCatcherSyntaxErrorTest" file="D:\data-root\Projects\PHP\OpenSource\idimsh--better-bypass-finals\tests\BypassFinalsTests\BypassFinalsCatcherSyntaxErrorTest.php" line="26" assertions="1" time="0.010383"/>
    </testsuite>
    <testsuite name="BypassFinalsTests\BypassFinalsCatcherTest" file="D:\data-root\Projects\PHP\OpenSource\idimsh--better-bypass-finals\tests\BypassFinalsTests\BypassFinalsCatcherTest.php" tests="11" assertions="22" errors="0" failures="0" skipped="0" time="0.113183">
      <testcase name="testFinalClass" class="BypassFinalsTests\BypassFinalsCatcherTest" classname="BypassFinalsTests.BypassFinalsCatcherTest" file="D:\data-root\Projects\PHP\OpenSource\idimsh--better-bypass-finals\tests\BypassFinalsTests\BypassFinalsCatcherTest.php" line="28" assertions="4" time="0.009967"/>
      <testcase name="testFinalClassException" class="BypassFinalsTests\BypassFinalsCatcherTest" classname="BypassFinalsTests.BypassFinalsCatcherTest" file="D:\data-root\Projects\PHP\OpenSource\idimsh--better-bypass-finals\tests\BypassFinalsTests\BypassFinalsCatcherTest.php" line="39" assertions="2" time="0.009435"/>
      <testcase name="testLock" class="BypassFinalsTests\BypassFinalsCatcherTest" classname="BypassFinalsTests.BypassFinalsCatcherTest" file="D:\data-root\Projects\PHP\OpenSource\idimsh--better-bypass-finals\tests\BypassFinalsTests\BypassFinalsCatcherTest.php" line="57" assertions="1" time="0.009921"/>
      <testcase name="testMagic" class="BypassFinalsTests\BypassFinalsCatcherTest" classname="BypassFinalsTests.BypassFinalsCatcherTest" file="D:\data-root\Projects\PHP\OpenSource\idimsh--better-bypass-finals\tests\BypassFinalsTests\BypassFinalsCatcherTest.php" line="64" assertions="4" time="0.011195"/>
      <testcase name="testMkdirNotRecursive" class="BypassFinalsTests\BypassFinalsCatcherTest" classname="BypassFinalsTests.BypassFinalsCatcherTest" file="D:\data-root\Projects\PHP\OpenSource\idimsh--better-bypass-finals\tests\BypassFinalsTests\BypassFinalsCatcherTest.php" line="77" assertions="1" time="0.009119"/>
      <testcase name="testMkdirRecursive" class="BypassFinalsTests\BypassFinalsCatcherTest" classname="BypassFinalsTests.BypassFinalsCatcherTest" file="D:\data-root\Projects\PHP\OpenSource\idimsh--better-bypass-finals\tests\BypassFinalsTests\BypassFinalsCatcherTest.php" line="89" assertions="1" time="0.010735"/>
      <testcase name="test_file_put_contents" class="BypassFinalsTests\BypassFinalsCatcherTest" classname="BypassFinalsTests.BypassFinalsCatcherTest" file="D:\data-root\Projects\PHP\OpenSource\idimsh--better-bypass-finals\tests\BypassFinalsTests\BypassFinalsCatcherTest.php" line="100" assertions="1" time="0.009514"/>
      <testcase name="testTouch1" class="BypassFinalsTests\BypassFinalsCatcherTest" classname="BypassFinalsTests.BypassFinalsCatcherTest" file="D:\data-root\Projects\PHP\OpenSource\idimsh--better-bypass-finals\tests\BypassFinalsTests\BypassFinalsCatcherTest.php" line="108" assertions="1" time="0.013777"/>
      <testcase name="testTouch2" class="BypassFinalsTests\BypassFinalsCatcherTest" classname="BypassFinalsTests.BypassFinalsCatcherTest" file="D:\data-root\Projects\PHP\OpenSource\idimsh--better-bypass-finals\tests\BypassFinalsTests\BypassFinalsCatcherTest.php" line="115" assertions="1" time="0.010190"/>
      <testcase name="testTouch3" class="BypassFinalsTests\BypassFinalsCatcherTest" classname="BypassFinalsTests.BypassFinalsCatcherTest" file="D:\data-root\Projects\PHP\OpenSource\idimsh--better-bypass-finals\tests\BypassFinalsTests\BypassFinalsCatcherTest.php" line="122" assertions="1" time="0.008434"/>
      <testcase name="testWhiteList" class="BypassFinalsTests\BypassFinalsCatcherTest" classname="BypassFinalsTests.BypassFinalsCatcherTest" file="D:\data-root\Projects\PHP\OpenSource\idimsh--better-bypass-finals\tests\BypassFinalsTests\BypassFinalsCatcherTest.php" line="128" assertions="5" time="0.010896"/>
    </testsuite>
    <testsuite name="BypassFinalsTests\BypassFinalsErrorsTest" file="D:\data-root\Projects\PHP\OpenSource\idimsh--better-bypass-finals\tests\BypassFinalsTests\BypassFinalsErrorsTest.php" tests="35" assertions="36" errors="0" failures="0" skipped="0" time="0.010482">
      <testsuite name="BypassFinalsTests\BypassFinalsErrorsTest::testWarnings" tests="26" assertions="26" errors="0" failures="0" skipped="0" time="0.007047">
        <testcase name="testWarnings with data set &quot;chmod&quot;" class="BypassFinalsTests\BypassFinalsErrorsTest" classname="BypassFinalsTests.BypassFinalsErrorsTest" file="D:\data-root\Projects\PHP\OpenSource\idimsh--better-bypass-finals\tests\BypassFinalsTests\BypassFinalsErrorsTest.php" line="127" assertions="1" time="0.002162"/>
        <testcase name="testWarnings with data set &quot;copy&quot;" class="BypassFinalsTests\BypassFinalsErrorsTest" classname="BypassFinalsTests.BypassFinalsErrorsTest" file="D:\data-root\Projects\PHP\OpenSource\idimsh--better-bypass-finals\tests\BypassFinalsTests\BypassFinalsErrorsTest.php" line="127" assertions="1" time="0.000253"/>
        <testcase name="testWarnings with data set &quot;file_get_contents&quot;" class="BypassFinalsTests\BypassFinalsErrorsTest" classname="BypassFinalsTests.BypassFinalsErrorsTest" file="D:\data-root\Projects\PHP\OpenSource\idimsh--better-bypass-finals\tests\BypassFinalsTests\BypassFinalsErrorsTest.php" line="127" assertions="1" time="0.000212"/>
        <testcase name="testWarnings with data set &quot;file_put_contents&quot;" class="BypassFinalsTests\BypassFinalsErrorsTest" classname="BypassFinalsTests.BypassFinalsErrorsTest" file="D:\data-root\Projects\PHP\OpenSource\idimsh--better-bypass-finals\tests\BypassFinalsTests\BypassFinalsErrorsTest.php" line="127" assertions="1" time="0.000322"/>
        <testcase name="testWarnings with data set &quot;file&quot;" class="BypassFinalsTests\BypassFinalsErrorsTest" classname="BypassFinalsTests.BypassFinalsErrorsTest" file="D:\data-root\Projects\PHP\OpenSource\idimsh--better-bypass-finals\tests\BypassFinalsTests\BypassFinalsErrorsTest.php" line="127" assertions="1" time="0.000198"/>
        <testcase name="testWarnings with data set &quot;fileatime&quot;" class="BypassFinalsTests\BypassFinalsErrorsTest" classname="BypassFinalsTests.BypassFinalsErrorsTest" file="D:\data-root\Projects\PHP\OpenSource\idimsh--better-bypass-finals\tests\BypassFinalsTests\BypassFinalsErrorsTest.php" line="127" assertions="1" time="0.000155"/>
        <testcase name="testWarnings with data set &quot;filectime&quot;" class="BypassFinalsTests\BypassFinalsErrorsTest" classname="BypassFinalsTests.BypassFinalsErrorsTest" file="D:\data-root\Projects\PHP\OpenSource\idimsh--better-bypass-finals\tests\BypassFinalsTests\BypassFinalsErrorsTest.php" line="127" assertions="1" time="0.000185"/>
        <testcase name="testWarnings with data set &quot;filegroup&quot;" class="BypassFinalsTests\BypassFinalsErrorsTest" classname="BypassFinalsTests.BypassFinalsErrorsTest" file="D:\data-root\Projects\PHP\OpenSource\idimsh--better-bypass-finals\tests\BypassFinalsTests\BypassFinalsErrorsTest.php" line="127" assertions="1" time="0.000193"/>
        <testcase name="testWarnings with data set &quot;fileinode&quot;" class="BypassFinalsTests\BypassFinalsErrorsTest" classname="BypassFinalsTests.BypassFinalsErrorsTest" file="D:\data-root\Projects\PHP\OpenSource\idimsh--better-bypass-finals\tests\BypassFinalsTests\BypassFinalsErrorsTest.php" line="127" assertions="1" time="0.000215"/>
        <testcase name="testWarnings with data set &quot;filemtime&quot;" class="BypassFinalsTests\BypassFinalsErrorsTest" classname="BypassFinalsTests.BypassFinalsErrorsTest" file="D:\data-root\Projects\PHP\OpenSource\idimsh--better-bypass-finals\tests\BypassFinalsTests\BypassFinalsErrorsTest.php" line="127" assertions="1" time="0.000200"/>
        <testcase name="testWarnings with data set &quot;fileowner&quot;" class="BypassFinalsTests\BypassFinalsErrorsTest" classname="BypassFinalsTests.BypassFinalsErrorsTest" file="D:\data-root\Projects\PHP\OpenSource\idimsh--better-bypass-finals\tests\BypassFinalsTests\BypassFinalsErrorsTest.php" line="127" assertions="1" time="0.000165"/>
        <testcase name="testWarnings with data set &quot;fileperms&quot;" class="BypassFinalsTests\BypassFinalsErrorsTest" classname="BypassFinalsTests.BypassFinalsErrorsTest" file="D:\data-root\Projects\PHP\OpenSource\idimsh--better-bypass-finals\tests\BypassFinalsTests\BypassFinalsErrorsTest.php" line="127" assertions="1" time="0.000196"/>
        <testcase name="testWarnings with data set &quot;filesize&quot;" class="BypassFinalsTests\BypassFinalsErrorsTest" classname="BypassFinalsTests.BypassFinalsErrorsTest" file="D:\data-root\Projects\PHP\OpenSource\idimsh--better-bypass-finals\tests\BypassFinalsTests\BypassFinalsErrorsTest.php" line="127" assertions="1" time="0.000235"/>
        <testcase name="testWarnings with data set &quot;filetype&quot;" class="BypassFinalsTests\BypassFinalsErrorsTest" classname="BypassFinalsTests.BypassFinalsErrorsTest" file="D:\data-root\Projects\PHP\OpenSource\idimsh--better-bypass-finals\tests\BypassFinalsTests\BypassFinalsErrorsTest.php" line="127" assertions="1" time="0.000123"/>
        <testcase name="testWarnings with data set &quot;fopen&quot;" class="BypassFinalsTests\BypassFinalsErrorsTest" classname="BypassFinalsTests.BypassFinalsErrorsTest" file="D:\data-root\Projects\PHP\OpenSource\idimsh--better-bypass-finals\tests\BypassFinalsTests\BypassFinalsErrorsTest.php" line="127" assertions="1" time="0.000199"/>
        <testcase name="testWarnings with data set &quot;link&quot;" class="BypassFinalsTests\BypassFinalsErrorsTest" classname="BypassFinalsTests.BypassFinalsErrorsTest" file="D:\data-root\Projects\PHP\OpenSource\idimsh--better-bypass-finals\tests\BypassFinalsTests\BypassFinalsErrorsTest.php" line="127" assertions="1" time="0.000284"/>
        <testcase name="testWarnings with data set &quot;linkinfo&quot;" class="BypassFinalsTests\BypassFinalsErrorsTest" classname="BypassFinalsTests.BypassFinalsErrorsTest" file="D:\data-root\Projects\PHP\OpenSource\idimsh--better-bypass-finals\tests\BypassFinalsTests\BypassFinalsErrorsTest.php" line="127" assertions="1" time="0.000148"/>
        <testcase name="testWarnings with data set &quot;lstat&quot;" class="BypassFinalsTests\BypassFinalsErrorsTest" classname="BypassFinalsTests.BypassFinalsErrorsTest" file="D:\data-root\Projects\PHP\OpenSource\idimsh--better-bypass-finals\tests\BypassFinalsTests\BypassFinalsErrorsTest.php" line="127" assertions="1" time="0.000110"/>
        <testcase name="testWarnings with data set &quot;mkdir&quot;" class="BypassFinalsTests\BypassFinalsErrorsTest" classname="BypassFinalsTests.BypassFinalsErrorsTest" file="D:\data-root\Projects\PHP\OpenSource\idimsh--better-bypass-finals\tests\BypassFinalsTests\BypassFinalsErrorsTest.php" line="127" assertions="1" time="0.000138"/>
        <testcase name="testWarnings with data set &quot;parse_ini_file&quot;" class="BypassFinalsTests\BypassFinalsErrorsTest" classname="BypassFinalsTests.BypassFinalsErrorsTest" file="D:\data-root\Projects\PHP\OpenSource\idimsh--better-bypass-finals\tests\BypassFinalsTests\BypassFinalsErrorsTest.php" line="127" assertions="1" time="0.000597"/>
        <testcase name="testWarnings with data set &quot;readfile&quot;" class="BypassFinalsTests\BypassFinalsErrorsTest" classname="BypassFinalsTests.BypassFinalsErrorsTest" file="D:\data-root\Projects\PHP\OpenSource\idimsh--better-bypass-finals\tests\BypassFinalsTests\BypassFinalsErrorsTest.php" line="127" assertions="1" time="0.000186"/>
        <testcase name="testWarnings with data set &quot;readlink&quot;" class="BypassFinalsTests\BypassFinalsErrorsTest" classname="BypassFinalsTests.BypassFinalsErrorsTest" file="D:\data-root\Projects\PHP\OpenSource\idimsh--better-bypass-finals\tests\BypassFinalsTests\BypassFinalsErrorsTest.php" line="127" assertions="1" time="0.000097"/>
        <testcase name="testWarnings with data set &quot;rename&quot;" class="BypassFinalsTests\BypassFinalsErrorsTest" classname="BypassFinalsTests.BypassFinalsErrorsTest" file="D:\data-root\Projects\PHP\OpenSource\idimsh--better-bypass-finals\tests\BypassFinalsTests\BypassFinalsErrorsTest.php" line="127" assertions="1" time="0.000131"/>
        <testcase name="testWarnings with data set &quot;rmdir&quot;" class="BypassFinalsTests\BypassFinalsErrorsTest" classname="BypassFinalsTests.BypassFinalsErrorsTest" file="D:\data-root\Projects\PHP\OpenSource\idimsh--better-bypass-finals\tests\BypassFinalsTests\BypassFinalsErrorsTest.php" line="127" assertions="1" time="0.000092"/>
        <testcase name="testWarnings with data set &quot;stat&quot;" class="BypassFinalsTests\BypassFinalsErrorsTest" classname="BypassFinalsTests.BypassFinalsErrorsTest" file="D:\data-root\Projects\PHP\OpenSource\idimsh--better-bypass-finals\tests\BypassFinalsTests\BypassFinalsErrorsTest.php" line="127" assertions="1" time="0.000157"/>
        <testcase name="testWarnings with data set &quot;unlink&quot;" class="BypassFinalsTests\BypassFinalsErrorsTest" classname="BypassFinalsTests.BypassFinalsErrorsTest" file="D:\data-root\Projects\PHP\OpenSource\idimsh--better-bypass-finals\tests\BypassFinalsTests\BypassFinalsErrorsTest.php" line="127" assertions="1" time="0.000094"/>
      </testsuite>
      <testsuite name="BypassFinalsTests\BypassFinalsErrorsTest::testFalses" tests="8" assertions="8" errors="0" failures="0" skipped="0" time="0.002276">
        <testcase name="testFalses with data set &quot;file_exists&quot;" class="BypassFinalsTests\BypassFinalsErrorsTest" classname="BypassFinalsTests.BypassFinalsErrorsTest" file="D:\data-root\Projects\PHP\OpenSource\idimsh--better-bypass-finals\tests\BypassFinalsTests\BypassFinalsErrorsTest.php" line="168" assertions="1" time="0.001298"/>
        <testcase name="testFalses with data set &quot;is_dir&quot;" class="BypassFinalsTests\BypassFinalsErrorsTest" classname="BypassFinalsTests.BypassFinalsErrorsTest" file="D:\data-root\Projects\PHP\OpenSource\idimsh--better-bypass-finals\tests\BypassFinalsTests\BypassFinalsErrorsTest.php" line="168" assertions="1" time="0.000142"/>
        <testcase name="testFalses with data set &quot;is_executable&quot;" class="BypassFinalsTests\BypassFinalsErrorsTest" classname="BypassFinalsTests.BypassFinalsErrorsTest" file="D:\data-root\Projects\PHP\OpenSource\idimsh--better-bypass-finals\tests\BypassFinalsTests\BypassFinalsErrorsTest.php" line="168" assertions="1" time="0.000127"/>
        <testcase name="testFalses with data set &quot;is_file&quot;" class="BypassFinalsTests\BypassFinalsErrorsTest" classname="BypassFinalsTests.BypassFinalsErrorsTest" file="D:\data-root\Projects\PHP\OpenSource\idimsh--better-bypass-finals\tests\BypassFinalsTests\BypassFinalsErrorsTest.php" line="168" assertions="1" time="0.000219"/>
        <testcase name="testFalses with data set &quot;is_link&quot;" class="BypassFinalsTests\BypassFinalsErrorsTest" classname="BypassFinalsTests.BypassFinalsErrorsTest" file="D:\data-root\Projects\PHP\OpenSource\idimsh--better-bypass-finals\tests\BypassFinalsTests\BypassFinalsErrorsTest.php" line="168" assertions="1" time="0.000098"/>
        <testcase name="testFalses with data set &quot;is_readable&quot;" class="BypassFinalsTests\BypassFinalsErrorsTest" classname="BypassFinalsTests.BypassFinalsErrorsTest" file="D:\data-root\Projects\PHP\OpenSource\idimsh--better-bypass-finals\tests\BypassFinalsTests\BypassFinalsErrorsTest.php" line="168" assertions="1" time="0.000161"/>
        <testcase name="testFalses with data set &quot;is_writable&quot;" class="BypassFinalsTests\BypassFinalsErrorsTest" classname="BypassFinalsTests.BypassFinalsErrorsTest" file="D:\data-root\Projects\PHP\OpenSource\idimsh--better-bypass-finals\tests\BypassFinalsTests\BypassFinalsErrorsTest.php" line="168" assertions="1" time="0.000122"/>
        <testcase name="testFalses with data set &quot;realpath&quot;" class="BypassFinalsTests\BypassFinalsErrorsTest" classname="BypassFinalsTests.BypassFinalsErrorsTest" file="D:\data-root\Projects\PHP\OpenSource\idimsh--better-bypass-finals\tests\BypassFinalsTests\BypassFinalsErrorsTest.php" line="168" assertions="1" time="0.000109"/>
      </testsuite>
      <testcase name="testMisc" class="BypassFinalsTests\BypassFinalsErrorsTest" classname="BypassFinalsTests.BypassFinalsErrorsTest" file="D:\data-root\Projects\PHP\OpenSource\idimsh--better-bypass-finals\tests\BypassFinalsTests\BypassFinalsErrorsTest.php" line="173" assertions="2" time="0.001158"/>
    </testsuite>
    <testsuite name="BypassFinalsTests\BypassFinalsTest" file="D:\data-root\Projects\PHP\OpenSource\idimsh--better-bypass-finals\tests\BypassFinalsTests\BypassFinalsTest.php" tests="11" assertions="22" errors="0" failures="0" skipped="0" time="0.110196">
      <testcase name="testFinalClass" class="BypassFinalsTests\BypassFinalsTest" classname="BypassFinalsTests.BypassFinalsTest" file="D:\data-root\Projects\PHP\OpenSource\idimsh--better-bypass-finals\tests\BypassFinalsTests\BypassFinalsTest.php" line="28" assertions="4" time="0.011010"/>
      <testcase name="testFinalClassException" class="BypassFinalsTests\BypassFinalsTest" classname="BypassFinalsTests.BypassFinalsTest" file="D:\data-root\Projects\PHP\OpenSource\idimsh--better-bypass-finals\tests\BypassFinalsTests\BypassFinalsTest.php" line="39" assertions="2" time="0.010067"/>
      <testcase name="testLock" class="BypassFinalsTests\BypassFinalsTest" classname="BypassFinalsTests.BypassFinalsTest" file="D:\data-root\Projects\PHP\OpenSource\idimsh--better-bypass-finals\tests\BypassFinalsTests\BypassFinalsTest.php" line="57" assertions="1" time="0.010191"/>
      <testcase name="testMagic" class="BypassFinalsTests\BypassFinalsTest" classname="BypassFinalsTests.BypassFinalsTest" file="D:\data-root\Projects\PHP\OpenSource\idimsh--better-bypass-finals\tests\BypassFinalsTests\BypassFinalsTest.php" line="64" assertions="4" time="0.010737"/>
      <testcase name="testMkdirNotRecursive" class="BypassFinalsTests\BypassFinalsTest" classname="BypassFinalsTests.BypassFinalsTest" file="D:\data-root\Projects\PHP\OpenSource\idimsh--better-bypass-finals\tests\BypassFinalsTests\BypassFinalsTest.php" line="77" assertions="1" time="0.009522"/>
      <testcase name="testMkdirRecursive" class="BypassFinalsTests\BypassFinalsTest" classname="BypassFinalsTests.BypassFinalsTest" file="D:\data-root\Projects\PHP\OpenSource\idimsh--better-bypass-finals\tests\BypassFinalsTests\BypassFinalsTest.php" line="89" assertions="1" time="0.010631"/>
      <testcase name="test_file_put_contents" class="BypassFinalsTests\BypassFinalsTest" classname="BypassFinalsTests.BypassFinalsTest" file="D:\data-root\Projects\PHP\OpenSource\idimsh--better-bypass-finals\tests\BypassFinalsTests\BypassFinalsTest.php" line="100" assertions="1" time="0.010031"/>
      <testcase name="testTouch1" class="BypassFinalsTests\BypassFinalsTest" classname="BypassFinalsTests.BypassFinalsTest" file="D:\data-root\Projects\PHP\OpenSource\idimsh--better-bypass-finals\tests\BypassFinalsTests\BypassFinalsTest.php" line="108" assertions="1" time="0.010599"/>
      <testcase name="testTouch2" class="BypassFinalsTests\BypassFinalsTest" classname="BypassFinalsTests.BypassFinalsTest" file="D:\data-root\Projects\PHP\OpenSource\idimsh--better-bypass-finals\tests\BypassFinalsTests\BypassFinalsTest.php" line="115" assertions="1" time="0.010213"/>
      <testcase name="testTouch3" class="BypassFinalsTests\BypassFinalsTest" classname="BypassFinalsTests.BypassFinalsTest" file="D:\data-root\Projects\PHP\OpenSource\idimsh--better-bypass-finals\tests\BypassFinalsTests\BypassFinalsTest.php" line="122" assertions="1" time="0.008601"/>
      <testcase name="testWhiteList" class="BypassFinalsTests\BypassFinalsTest" classname="BypassFinalsTests.BypassFinalsTest" file="D:\data-root\Projects\PHP\OpenSource\idimsh--better-bypass-finals\tests\BypassFinalsTests\BypassFinalsTest.php" line="128" assertions="5" time="0.008594"/>
    </testsuite>
  </testsuite>
</testsuites>
